2026-01-19 17:03:37,304 - aqt.main - INFO - installer 17976 aqtinstall(aqt) v3.3.0 on Python 3.12.6 [CPython MSC v.1940 64 bit (AMD64)]
2026-01-19 17:03:37,304 - aqt.helper - DEBUG - helper 17976 Attempt to download checksum at https://download.qt.io/online/qtsdkrepository/windows_x86/desktop/qt6_690/qt6_690/Updates.xml.sha256
2026-01-19 17:03:38,399 - aqt.helper - DEBUG - helper 17976 Attempt to download checksum at https://download.qt.io/online/qtsdkrepository/windows_x86/extensions/qtwebengine/690/msvc2022_64/Updates.xml.sha256
2026-01-19 17:03:39,394 - aqt.archives - INFO - archives 17976 Found extension qtwebengine
2026-01-19 17:03:39,397 - aqt.helper - DEBUG - helper 17976 Attempt to download checksum at https://download.qt.io/online/qtsdkrepository/windows_x86/extensions/qtpdf/690/msvc2022_64/Updates.xml.sha256
2026-01-19 17:03:40,382 - aqt.archives - INFO - archives 17976 Found extension qtpdf
2026-01-19 17:03:41,335 - aqt.helper - DEBUG - helper 13324 Attempt to download checksum at https://download.qt.io/online/qtsdkrepository/windows_x86/desktop/qt6_690/qt6_690/qt.qt6.690.addons.qtmultimedia.win64_msvc2022_64/6.9.0-0-202503301022qtmultimedia-Windows-Windows_11_23H2-MSVC2022-Windows-Windows_11_23H2-X86_64.7z.sha256
2026-01-19 17:03:41,337 - aqt.helper - DEBUG - helper 35164 Attempt to download checksum at https://download.qt.io/online/qtsdkrepository/windows_x86/desktop/qt6_690/qt6_690/qt.qt6.690.addons.qtspeech.win64_msvc2022_64/6.9.0-0-202503301022qtspeech-Windows-Windows_11_23H2-MSVC2022-Windows-Windows_11_23H2-X86_64.7z.sha256
2026-01-19 17:03:41,350 - aqt.helper - DEBUG - helper 30156 Attempt to download checksum at https://download.qt.io/online/qtsdkrepository/windows_x86/desktop/qt6_690/qt6_690/qt.qt6.690.win64_msvc2022_64/6.9.0-0-202503301022qtbase-Windows-Windows_11_23H2-MSVC2022-Windows-Windows_11_23H2-X86_64.7z.sha256
2026-01-19 17:03:41,350 - aqt.helper - DEBUG - helper 17880 Attempt to download checksum at https://download.qt.io/online/qtsdkrepository/windows_x86/desktop/qt6_690/qt6_690/qt.qt6.690.win64_msvc2022_64/6.9.0-0-202503301022qtsvg-Windows-Windows_11_23H2-MSVC2022-Windows-Windows_11_23H2-X86_64.7z.sha256
2026-01-19 17:03:41,959 - aqt.helper - INFO - helper 13324 Downloading qtmultimedia...
2026-01-19 17:03:41,959 - aqt.installer - DEBUG - installer 13324 Download URL: https://download.qt.io/online/qtsdkrepository/windows_x86/desktop/qt6_690/qt6_690/qt.qt6.690.addons.qtmultimedia.win64_msvc2022_64/6.9.0-0-202503301022qtmultimedia-Windows-Windows_11_23H2-MSVC2022-Windows-Windows_11_23H2-X86_64.7z
2026-01-19 17:03:41,980 - aqt.helper - INFO - helper 35164 Downloading qtspeech...
2026-01-19 17:03:41,980 - aqt.installer - DEBUG - installer 35164 Download URL: https://download.qt.io/online/qtsdkrepository/windows_x86/desktop/qt6_690/qt6_690/qt.qt6.690.addons.qtspeech.win64_msvc2022_64/6.9.0-0-202503301022qtspeech-Windows-Windows_11_23H2-MSVC2022-Windows-Windows_11_23H2-X86_64.7z
2026-01-19 17:03:41,994 - aqt.helper - INFO - helper 17880 Downloading qtsvg...
2026-01-19 17:03:41,994 - aqt.installer - DEBUG - installer 17880 Download URL: https://download.qt.io/online/qtsdkrepository/windows_x86/desktop/qt6_690/qt6_690/qt.qt6.690.win64_msvc2022_64/6.9.0-0-202503301022qtsvg-Windows-Windows_11_23H2-MSVC2022-Windows-Windows_11_23H2-X86_64.7z
2026-01-19 17:03:41,997 - aqt.helper - INFO - helper 30156 Downloading qtbase...
2026-01-19 17:03:41,997 - aqt.installer - DEBUG - installer 30156 Download URL: https://download.qt.io/online/qtsdkrepository/windows_x86/desktop/qt6_690/qt6_690/qt.qt6.690.win64_msvc2022_64/6.9.0-0-202503301022qtbase-Windows-Windows_11_23H2-MSVC2022-Windows-Windows_11_23H2-X86_64.7z
2026-01-19 17:03:42,568 - aqt.helper - DEBUG - helper 13324 Asked to redirect(302) to: https://ftp.fau.de/qtproject/online/qtsdkrepository/windows_x86/desktop/qt6_690/qt6_690/qt.qt6.690.addons.qtmultimedia.win64_msvc2022_64/6.9.0-0-202503301022qtmultimedia-Windows-Windows_11_23H2-MSVC2022-Windows-Windows_11_23H2-X86_64.7z
2026-01-19 17:03:42,568 - aqt.helper - INFO - helper 13324 Redirected: ftp.fau.de
2026-01-19 17:03:42,579 - aqt.helper - DEBUG - helper 35164 Asked to redirect(302) to: https://ftp.fau.de/qtproject/online/qtsdkrepository/windows_x86/desktop/qt6_690/qt6_690/qt.qt6.690.addons.qtspeech.win64_msvc2022_64/6.9.0-0-202503301022qtspeech-Windows-Windows_11_23H2-MSVC2022-Windows-Windows_11_23H2-X86_64.7z
2026-01-19 17:03:42,579 - aqt.helper - INFO - helper 35164 Redirected: ftp.fau.de
2026-01-19 17:03:42,596 - aqt.helper - DEBUG - helper 17880 Asked to redirect(302) to: https://ftp.fau.de/qtproject/online/qtsdkrepository/windows_x86/desktop/qt6_690/qt6_690/qt.qt6.690.win64_msvc2022_64/6.9.0-0-202503301022qtsvg-Windows-Windows_11_23H2-MSVC2022-Windows-Windows_11_23H2-X86_64.7z
2026-01-19 17:03:42,596 - aqt.helper - INFO - helper 17880 Redirected: ftp.fau.de
2026-01-19 17:03:42,610 - aqt.helper - DEBUG - helper 30156 Asked to redirect(302) to: https://ftp.fau.de/qtproject/online/qtsdkrepository/windows_x86/desktop/qt6_690/qt6_690/qt.qt6.690.win64_msvc2022_64/6.9.0-0-202503301022qtbase-Windows-Windows_11_23H2-MSVC2022-Windows-Windows_11_23H2-X86_64.7z
2026-01-19 17:03:42,610 - aqt.helper - INFO - helper 30156 Redirected: ftp.fau.de
2026-01-19 17:03:43,706 - aqt.installer - INFO - installer 35164 Finished installation of qtspeech-Windows-Windows_11_23H2-MSVC2022-Windows-Windows_11_23H2-X86_64.7z in 2.37278970
2026-01-19 17:03:43,720 - aqt.helper - DEBUG - helper 35164 Attempt to download checksum at https://download.qt.io/online/qtsdkrepository/windows_x86/desktop/qt6_690/qt6_690/qt.qt6.690.win64_msvc2022_64/6.9.0-0-202503301022qtdeclarative-Windows-Windows_11_23H2-MSVC2022-Windows-Windows_11_23H2-X86_64.7z.sha256
2026-01-19 17:03:43,762 - aqt.installer - INFO - installer 17880 Finished installation of qtsvg-Windows-Windows_11_23H2-MSVC2022-Windows-Windows_11_23H2-X86_64.7z in 2.41510740
2026-01-19 17:03:43,776 - aqt.helper - DEBUG - helper 17880 Attempt to download checksum at https://download.qt.io/online/qtsdkrepository/windows_x86/desktop/qt6_690/qt6_690/qt.qt6.690.win64_msvc2022_64/6.9.0-0-202503301022qttools-Windows-Windows_11_23H2-MSVC2022-Windows-Windows_11_23H2-X86_64.7z.sha256
2026-01-19 17:03:44,267 - aqt.helper - INFO - helper 35164 Downloading qtdeclarative...
2026-01-19 17:03:44,267 - aqt.installer - DEBUG - installer 35164 Download URL: https://download.qt.io/online/qtsdkrepository/windows_x86/desktop/qt6_690/qt6_690/qt.qt6.690.win64_msvc2022_64/6.9.0-0-202503301022qtdeclarative-Windows-Windows_11_23H2-MSVC2022-Windows-Windows_11_23H2-X86_64.7z
2026-01-19 17:03:44,324 - aqt.helper - INFO - helper 17880 Downloading qttools...
2026-01-19 17:03:44,324 - aqt.installer - DEBUG - installer 17880 Download URL: https://download.qt.io/online/qtsdkrepository/windows_x86/desktop/qt6_690/qt6_690/qt.qt6.690.win64_msvc2022_64/6.9.0-0-202503301022qttools-Windows-Windows_11_23H2-MSVC2022-Windows-Windows_11_23H2-X86_64.7z
2026-01-19 17:03:44,817 - aqt.helper - DEBUG - helper 35164 Asked to redirect(302) to: https://ftp.fau.de/qtproject/online/qtsdkrepository/windows_x86/desktop/qt6_690/qt6_690/qt.qt6.690.win64_msvc2022_64/6.9.0-0-202503301022qtdeclarative-Windows-Windows_11_23H2-MSVC2022-Windows-Windows_11_23H2-X86_64.7z
2026-01-19 17:03:44,817 - aqt.helper - INFO - helper 35164 Redirected: ftp.fau.de
2026-01-19 17:03:44,872 - aqt.helper - DEBUG - helper 17880 Asked to redirect(302) to: https://ftp.fau.de/qtproject/online/qtsdkrepository/windows_x86/desktop/qt6_690/qt6_690/qt.qt6.690.win64_msvc2022_64/6.9.0-0-202503301022qttools-Windows-Windows_11_23H2-MSVC2022-Windows-Windows_11_23H2-X86_64.7z
2026-01-19 17:03:44,872 - aqt.helper - INFO - helper 17880 Redirected: ftp.fau.de
2026-01-19 17:03:51,696 - aqt.installer - INFO - installer 13324 Finished installation of qtmultimedia-Windows-Windows_11_23H2-MSVC2022-Windows-Windows_11_23H2-X86_64.7z in 10.36411650
2026-01-19 17:03:51,713 - aqt.helper - DEBUG - helper 13324 Attempt to download checksum at https://download.qt.io/online/qtsdkrepository/windows_x86/desktop/qt6_690/qt6_690/qt.qt6.690.win64_msvc2022_64/6.9.0-0-202503301022qttranslations-Windows-Windows_11_23H2-MSVC2022-Windows-Windows_11_23H2-X86_64.7z.sha256
2026-01-19 17:03:52,160 - aqt.installer - INFO - installer 17880 Finished installation of qttools-Windows-Windows_11_23H2-MSVC2022-Windows-Windows_11_23H2-X86_64.7z in 8.38694340
2026-01-19 17:03:52,177 - aqt.helper - DEBUG - helper 17880 Attempt to download checksum at https://download.qt.io/online/qtsdkrepository/windows_x86/desktop/qt6_690/qt6_690/qt.qt6.690.win64_msvc2022_64/6.9.0-0-202503301022d3dcompiler_47-x64.7z.sha256
2026-01-19 17:03:52,250 - aqt.helper - INFO - helper 13324 Downloading qttranslations...
2026-01-19 17:03:52,250 - aqt.installer - DEBUG - installer 13324 Download URL: https://download.qt.io/online/qtsdkrepository/windows_x86/desktop/qt6_690/qt6_690/qt.qt6.690.win64_msvc2022_64/6.9.0-0-202503301022qttranslations-Windows-Windows_11_23H2-MSVC2022-Windows-Windows_11_23H2-X86_64.7z
2026-01-19 17:03:52,777 - aqt.helper - INFO - helper 17880 Downloading d3dcompiler_47...
2026-01-19 17:03:52,777 - aqt.installer - DEBUG - installer 17880 Download URL: https://download.qt.io/online/qtsdkrepository/windows_x86/desktop/qt6_690/qt6_690/qt.qt6.690.win64_msvc2022_64/6.9.0-0-202503301022d3dcompiler_47-x64.7z
2026-01-19 17:03:52,829 - aqt.helper - DEBUG - helper 13324 Asked to redirect(302) to: https://ftp.fau.de/qtproject/online/qtsdkrepository/windows_x86/desktop/qt6_690/qt6_690/qt.qt6.690.win64_msvc2022_64/6.9.0-0-202503301022qttranslations-Windows-Windows_11_23H2-MSVC2022-Windows-Windows_11_23H2-X86_64.7z
2026-01-19 17:03:52,831 - aqt.helper - INFO - helper 13324 Redirected: ftp.fau.de
2026-01-19 17:03:53,362 - aqt.helper - DEBUG - helper 17880 Asked to redirect(302) to: https://ftp.fau.de/qtproject/online/qtsdkrepository/windows_x86/desktop/qt6_690/qt6_690/qt.qt6.690.win64_msvc2022_64/6.9.0-0-202503301022d3dcompiler_47-x64.7z
2026-01-19 17:03:53,362 - aqt.helper - INFO - helper 17880 Redirected: ftp.fau.de
2026-01-19 17:03:54,220 - aqt.installer - INFO - installer 17880 Finished installation of d3dcompiler_47-x64.7z in 2.04439010
2026-01-19 17:03:54,233 - aqt.helper - DEBUG - helper 17880 Attempt to download checksum at https://download.qt.io/online/qtsdkrepository/windows_x86/desktop/qt6_690/qt6_690/qt.qt6.690.win64_msvc2022_64/6.9.0-0-202503301022opengl32sw-64-mesa_11_2_2-signed_sha256.7z.sha256
2026-01-19 17:03:54,439 - aqt.installer - INFO - installer 13324 Finished installation of qttranslations-Windows-Windows_11_23H2-MSVC2022-Windows-Windows_11_23H2-X86_64.7z in 2.72673820
2026-01-19 17:03:54,756 - aqt.helper - INFO - helper 17880 Downloading opengl32sw...
2026-01-19 17:03:54,756 - aqt.installer - DEBUG - installer 17880 Download URL: https://download.qt.io/online/qtsdkrepository/windows_x86/desktop/qt6_690/qt6_690/qt.qt6.690.win64_msvc2022_64/6.9.0-0-202503301022opengl32sw-64-mesa_11_2_2-signed_sha256.7z
2026-01-19 17:03:55,273 - aqt.helper - DEBUG - helper 17880 Asked to redirect(302) to: https://ftp.fau.de/qtproject/online/qtsdkrepository/windows_x86/desktop/qt6_690/qt6_690/qt.qt6.690.win64_msvc2022_64/6.9.0-0-202503301022opengl32sw-64-mesa_11_2_2-signed_sha256.7z
2026-01-19 17:03:55,273 - aqt.helper - INFO - helper 17880 Redirected: ftp.fau.de
2026-01-19 17:03:56,491 - aqt.installer - INFO - installer 17880 Finished installation of opengl32sw-64-mesa_11_2_2-signed_sha256.7z in 2.25951750
2026-01-19 17:04:00,191 - aqt.installer - INFO - installer 30156 Finished installation of qtbase-Windows-Windows_11_23H2-MSVC2022-Windows-Windows_11_23H2-X86_64.7z in 18.84310410
2026-01-19 17:04:22,587 - aqt.installer - INFO - installer 35164 Finished installation of qtdeclarative-Windows-Windows_11_23H2-MSVC2022-Windows-Windows_11_23H2-X86_64.7z in 38.86767560
2026-01-19 17:04:22,817 - aqt.updater - INFO - updater 17976 Patching C:\Qt\6.9.0\msvc2022_64\bin\qmake.exe
2026-01-19 17:04:22,823 - aqt.updater - INFO - updater 17976 Patching C:\Qt\6.9.0\msvc2022_64\lib\Qt6Concurrent.prl
2026-01-19 17:04:22,833 - aqt.updater - INFO - updater 17976 Patching C:\Qt\6.9.0\msvc2022_64\lib\Qt6Concurrentd.prl
2026-01-19 17:04:22,842 - aqt.updater - INFO - updater 17976 Patching C:\Qt\6.9.0\msvc2022_64\lib\Qt6Core.prl
2026-01-19 17:04:22,852 - aqt.updater - INFO - updater 17976 Patching C:\Qt\6.9.0\msvc2022_64\lib\Qt6Cored.prl
2026-01-19 17:04:22,861 - aqt.updater - INFO - updater 17976 Patching C:\Qt\6.9.0\msvc2022_64\lib\Qt6DBus.prl
2026-01-19 17:04:22,872 - aqt.updater - INFO - updater 17976 Patching C:\Qt\6.9.0\msvc2022_64\lib\Qt6DBusd.prl
2026-01-19 17:04:22,879 - aqt.updater - INFO - updater 17976 Patching C:\Qt\6.9.0\msvc2022_64\lib\Qt6Designer.prl
2026-01-19 17:04:22,891 - aqt.updater - INFO - updater 17976 Patching C:\Qt\6.9.0\msvc2022_64\lib\Qt6DesignerComponents.prl
2026-01-19 17:04:22,901 - aqt.updater - INFO - updater 17976 Patching C:\Qt\6.9.0\msvc2022_64\lib\Qt6DesignerComponentsd.prl
2026-01-19 17:04:22,910 - aqt.updater - INFO - updater 17976 Patching C:\Qt\6.9.0\msvc2022_64\lib\Qt6Designerd.prl
2026-01-19 17:04:22,920 - aqt.updater - INFO - updater 17976 Patching C:\Qt\6.9.0\msvc2022_64\lib\Qt6DeviceDiscoverySupport.prl
2026-01-19 17:04:22,931 - aqt.updater - INFO - updater 17976 Patching C:\Qt\6.9.0\msvc2022_64\lib\Qt6DeviceDiscoverySupportd.prl
2026-01-19 17:04:22,942 - aqt.updater - INFO - updater 17976 Patching C:\Qt\6.9.0\msvc2022_64\lib\Qt6EntryPoint.prl
2026-01-19 17:04:22,955 - aqt.updater - INFO - updater 17976 Patching C:\Qt\6.9.0\msvc2022_64\lib\Qt6EntryPointd.prl
2026-01-19 17:04:22,965 - aqt.updater - INFO - updater 17976 Patching C:\Qt\6.9.0\msvc2022_64\lib\Qt6ExampleIcons.prl
2026-01-19 17:04:22,975 - aqt.updater - INFO - updater 17976 Patching C:\Qt\6.9.0\msvc2022_64\lib\Qt6ExampleIconsd.prl
2026-01-19 17:04:22,985 - aqt.updater - INFO - updater 17976 Patching C:\Qt\6.9.0\msvc2022_64\lib\Qt6ExamplesAssetDownloader.prl
2026-01-19 17:04:22,995 - aqt.updater - INFO - updater 17976 Patching C:\Qt\6.9.0\msvc2022_64\lib\Qt6ExamplesAssetDownloaderd.prl
2026-01-19 17:04:23,005 - aqt.updater - INFO - updater 17976 Patching C:\Qt\6.9.0\msvc2022_64\lib\Qt6FbSupport.prl
2026-01-19 17:04:23,015 - aqt.updater - INFO - updater 17976 Patching C:\Qt\6.9.0\msvc2022_64\lib\Qt6FbSupportd.prl
2026-01-19 17:04:23,024 - aqt.updater - INFO - updater 17976 Patching C:\Qt\6.9.0\msvc2022_64\lib\Qt6FFmpegMediaPluginImpl.prl
2026-01-19 17:04:23,036 - aqt.updater - INFO - updater 17976 Patching C:\Qt\6.9.0\msvc2022_64\lib\Qt6FFmpegMediaPluginImpld.prl
2026-01-19 17:04:23,048 - aqt.updater - INFO - updater 17976 Patching C:\Qt\6.9.0\msvc2022_64\lib\Qt6Gui.prl
2026-01-19 17:04:23,058 - aqt.updater - INFO - updater 17976 Patching C:\Qt\6.9.0\msvc2022_64\lib\Qt6Guid.prl
2026-01-19 17:04:23,069 - aqt.updater - INFO - updater 17976 Patching C:\Qt\6.9.0\msvc2022_64\lib\Qt6Help.prl
2026-01-19 17:04:23,082 - aqt.updater - INFO - updater 17976 Patching C:\Qt\6.9.0\msvc2022_64\lib\Qt6Helpd.prl
2026-01-19 17:04:23,094 - aqt.updater - INFO - updater 17976 Patching C:\Qt\6.9.0\msvc2022_64\lib\Qt6LabsAnimation.prl
2026-01-19 17:04:23,104 - aqt.updater - INFO - updater 17976 Patching C:\Qt\6.9.0\msvc2022_64\lib\Qt6LabsAnimationd.prl
2026-01-19 17:04:23,115 - aqt.updater - INFO - updater 17976 Patching C:\Qt\6.9.0\msvc2022_64\lib\Qt6LabsFolderListModel.prl
2026-01-19 17:04:23,125 - aqt.updater - INFO - updater 17976 Patching C:\Qt\6.9.0\msvc2022_64\lib\Qt6LabsFolderListModeld.prl
2026-01-19 17:04:23,135 - aqt.updater - INFO - updater 17976 Patching C:\Qt\6.9.0\msvc2022_64\lib\Qt6LabsPlatform.prl
2026-01-19 17:04:23,146 - aqt.updater - INFO - updater 17976 Patching C:\Qt\6.9.0\msvc2022_64\lib\Qt6LabsPlatformd.prl
2026-01-19 17:04:23,157 - aqt.updater - INFO - updater 17976 Patching C:\Qt\6.9.0\msvc2022_64\lib\Qt6LabsQmlModels.prl
2026-01-19 17:04:23,166 - aqt.updater - INFO - updater 17976 Patching C:\Qt\6.9.0\msvc2022_64\lib\Qt6LabsQmlModelsd.prl
2026-01-19 17:04:23,178 - aqt.updater - INFO - updater 17976 Patching C:\Qt\6.9.0\msvc2022_64\lib\Qt6LabsSettings.prl
2026-01-19 17:04:23,189 - aqt.updater - INFO - updater 17976 Patching C:\Qt\6.9.0\msvc2022_64\lib\Qt6LabsSettingsd.prl
2026-01-19 17:04:23,199 - aqt.updater - INFO - updater 17976 Patching C:\Qt\6.9.0\msvc2022_64\lib\Qt6LabsSharedImage.prl
2026-01-19 17:04:23,210 - aqt.updater - INFO - updater 17976 Patching C:\Qt\6.9.0\msvc2022_64\lib\Qt6LabsSharedImaged.prl
2026-01-19 17:04:23,220 - aqt.updater - INFO - updater 17976 Patching C:\Qt\6.9.0\msvc2022_64\lib\Qt6LabsWavefrontMesh.prl
2026-01-19 17:04:23,230 - aqt.updater - INFO - updater 17976 Patching C:\Qt\6.9.0\msvc2022_64\lib\Qt6LabsWavefrontMeshd.prl
2026-01-19 17:04:23,241 - aqt.updater - INFO - updater 17976 Patching C:\Qt\6.9.0\msvc2022_64\lib\Qt6Multimedia.prl
2026-01-19 17:04:23,249 - aqt.updater - INFO - updater 17976 Patching C:\Qt\6.9.0\msvc2022_64\lib\Qt6Multimediad.prl
2026-01-19 17:04:23,262 - aqt.updater - INFO - updater 17976 Patching C:\Qt\6.9.0\msvc2022_64\lib\Qt6MultimediaQuick.prl
2026-01-19 17:04:23,270 - aqt.updater - INFO - updater 17976 Patching C:\Qt\6.9.0\msvc2022_64\lib\Qt6MultimediaQuickd.prl
2026-01-19 17:04:23,283 - aqt.updater - INFO - updater 17976 Patching C:\Qt\6.9.0\msvc2022_64\lib\Qt6MultimediaTestLib.prl
2026-01-19 17:04:23,292 - aqt.updater - INFO - updater 17976 Patching C:\Qt\6.9.0\msvc2022_64\lib\Qt6MultimediaTestLibd.prl
2026-01-19 17:04:23,304 - aqt.updater - INFO - updater 17976 Patching C:\Qt\6.9.0\msvc2022_64\lib\Qt6MultimediaWidgets.prl
2026-01-19 17:04:23,312 - aqt.updater - INFO - updater 17976 Patching C:\Qt\6.9.0\msvc2022_64\lib\Qt6MultimediaWidgetsd.prl
2026-01-19 17:04:23,325 - aqt.updater - INFO - updater 17976 Patching C:\Qt\6.9.0\msvc2022_64\lib\Qt6Network.prl
2026-01-19 17:04:23,334 - aqt.updater - INFO - updater 17976 Patching C:\Qt\6.9.0\msvc2022_64\lib\Qt6Networkd.prl
2026-01-19 17:04:23,345 - aqt.updater - INFO - updater 17976 Patching C:\Qt\6.9.0\msvc2022_64\lib\Qt6OpenGL.prl
2026-01-19 17:04:23,356 - aqt.updater - INFO - updater 17976 Patching C:\Qt\6.9.0\msvc2022_64\lib\Qt6OpenGLd.prl
2026-01-19 17:04:23,367 - aqt.updater - INFO - updater 17976 Patching C:\Qt\6.9.0\msvc2022_64\lib\Qt6OpenGLWidgets.prl
2026-01-19 17:04:23,377 - aqt.updater - INFO - updater 17976 Patching C:\Qt\6.9.0\msvc2022_64\lib\Qt6OpenGLWidgetsd.prl
2026-01-19 17:04:23,387 - aqt.updater - INFO - updater 17976 Patching C:\Qt\6.9.0\msvc2022_64\lib\Qt6PacketProtocol.prl
2026-01-19 17:04:23,401 - aqt.updater - INFO - updater 17976 Patching C:\Qt\6.9.0\msvc2022_64\lib\Qt6PacketProtocold.prl
2026-01-19 17:04:23,412 - aqt.updater - INFO - updater 17976 Patching C:\Qt\6.9.0\msvc2022_64\lib\Qt6PrintSupport.prl
2026-01-19 17:04:23,422 - aqt.updater - INFO - updater 17976 Patching C:\Qt\6.9.0\msvc2022_64\lib\Qt6PrintSupportd.prl
2026-01-19 17:04:23,432 - aqt.updater - INFO - updater 17976 Patching C:\Qt\6.9.0\msvc2022_64\lib\Qt6Qml.prl
2026-01-19 17:04:23,443 - aqt.updater - INFO - updater 17976 Patching C:\Qt\6.9.0\msvc2022_64\lib\Qt6QmlAssetDownloader.prl
2026-01-19 17:04:23,454 - aqt.updater - INFO - updater 17976 Patching C:\Qt\6.9.0\msvc2022_64\lib\Qt6QmlAssetDownloaderd.prl
2026-01-19 17:04:23,465 - aqt.updater - INFO - updater 17976 Patching C:\Qt\6.9.0\msvc2022_64\lib\Qt6QmlCompiler.prl
2026-01-19 17:04:23,475 - aqt.updater - INFO - updater 17976 Patching C:\Qt\6.9.0\msvc2022_64\lib\Qt6QmlCompilerd.prl
2026-01-19 17:04:23,485 - aqt.updater - INFO - updater 17976 Patching C:\Qt\6.9.0\msvc2022_64\lib\Qt6QmlCore.prl
2026-01-19 17:04:23,496 - aqt.updater - INFO - updater 17976 Patching C:\Qt\6.9.0\msvc2022_64\lib\Qt6QmlCored.prl
2026-01-19 17:04:23,506 - aqt.updater - INFO - updater 17976 Patching C:\Qt\6.9.0\msvc2022_64\lib\Qt6Qmld.prl
2026-01-19 17:04:23,517 - aqt.updater - INFO - updater 17976 Patching C:\Qt\6.9.0\msvc2022_64\lib\Qt6QmlDebug.prl
2026-01-19 17:04:23,526 - aqt.updater - INFO - updater 17976 Patching C:\Qt\6.9.0\msvc2022_64\lib\Qt6QmlDebugd.prl
2026-01-19 17:04:23,537 - aqt.updater - INFO - updater 17976 Patching C:\Qt\6.9.0\msvc2022_64\lib\Qt6QmlDom.prl
2026-01-19 17:04:23,548 - aqt.updater - INFO - updater 17976 Patching C:\Qt\6.9.0\msvc2022_64\lib\Qt6QmlDomd.prl
2026-01-19 17:04:23,558 - aqt.updater - INFO - updater 17976 Patching C:\Qt\6.9.0\msvc2022_64\lib\Qt6QmlFormat.prl
2026-01-19 17:04:23,570 - aqt.updater - INFO - updater 17976 Patching C:\Qt\6.9.0\msvc2022_64\lib\Qt6QmlFormatd.prl
2026-01-19 17:04:23,580 - aqt.updater - INFO - updater 17976 Patching C:\Qt\6.9.0\msvc2022_64\lib\Qt6QmlLocalStorage.prl
2026-01-19 17:04:23,591 - aqt.updater - INFO - updater 17976 Patching C:\Qt\6.9.0\msvc2022_64\lib\Qt6QmlLocalStoraged.prl
2026-01-19 17:04:23,601 - aqt.updater - INFO - updater 17976 Patching C:\Qt\6.9.0\msvc2022_64\lib\Qt6QmlLS.prl
2026-01-19 17:04:23,611 - aqt.updater - INFO - updater 17976 Patching C:\Qt\6.9.0\msvc2022_64\lib\Qt6QmlLSd.prl
2026-01-19 17:04:23,623 - aqt.updater - INFO - updater 17976 Patching C:\Qt\6.9.0\msvc2022_64\lib\Qt6QmlMeta.prl
2026-01-19 17:04:23,633 - aqt.updater - INFO - updater 17976 Patching C:\Qt\6.9.0\msvc2022_64\lib\Qt6QmlMetad.prl
2026-01-19 17:04:23,644 - aqt.updater - INFO - updater 17976 Patching C:\Qt\6.9.0\msvc2022_64\lib\Qt6QmlModels.prl
2026-01-19 17:04:23,654 - aqt.updater - INFO - updater 17976 Patching C:\Qt\6.9.0\msvc2022_64\lib\Qt6QmlModelsd.prl
2026-01-19 17:04:23,665 - aqt.updater - INFO - updater 17976 Patching C:\Qt\6.9.0\msvc2022_64\lib\Qt6QmlNetwork.prl
2026-01-19 17:04:23,675 - aqt.updater - INFO - updater 17976 Patching C:\Qt\6.9.0\msvc2022_64\lib\Qt6QmlNetworkd.prl
2026-01-19 17:04:23,685 - aqt.updater - INFO - updater 17976 Patching C:\Qt\6.9.0\msvc2022_64\lib\Qt6QmlToolingSettings.prl
2026-01-19 17:04:23,696 - aqt.updater - INFO - updater 17976 Patching C:\Qt\6.9.0\msvc2022_64\lib\Qt6QmlToolingSettingsd.prl
2026-01-19 17:04:23,707 - aqt.updater - INFO - updater 17976 Patching C:\Qt\6.9.0\msvc2022_64\lib\Qt6QmlTypeRegistrar.prl
2026-01-19 17:04:23,718 - aqt.updater - INFO - updater 17976 Patching C:\Qt\6.9.0\msvc2022_64\lib\Qt6QmlTypeRegistrard.prl
2026-01-19 17:04:23,730 - aqt.updater - INFO - updater 17976 Patching C:\Qt\6.9.0\msvc2022_64\lib\Qt6QmlWorkerScript.prl
2026-01-19 17:04:23,743 - aqt.updater - INFO - updater 17976 Patching C:\Qt\6.9.0\msvc2022_64\lib\Qt6QmlWorkerScriptd.prl
2026-01-19 17:04:23,755 - aqt.updater - INFO - updater 17976 Patching C:\Qt\6.9.0\msvc2022_64\lib\Qt6QmlXmlListModel.prl
2026-01-19 17:04:23,767 - aqt.updater - INFO - updater 17976 Patching C:\Qt\6.9.0\msvc2022_64\lib\Qt6QmlXmlListModeld.prl
2026-01-19 17:04:23,780 - aqt.updater - INFO - updater 17976 Patching C:\Qt\6.9.0\msvc2022_64\lib\Qt6Quick.prl
2026-01-19 17:04:23,791 - aqt.updater - INFO - updater 17976 Patching C:\Qt\6.9.0\msvc2022_64\lib\Qt6Quick3DSpatialAudio.prl
2026-01-19 17:04:23,804 - aqt.updater - INFO - updater 17976 Patching C:\Qt\6.9.0\msvc2022_64\lib\Qt6Quick3DSpatialAudiod.prl
2026-01-19 17:04:23,817 - aqt.updater - INFO - updater 17976 Patching C:\Qt\6.9.0\msvc2022_64\lib\Qt6QuickControls2.prl
2026-01-19 17:04:23,830 - aqt.updater - INFO - updater 17976 Patching C:\Qt\6.9.0\msvc2022_64\lib\Qt6QuickControls2Basic.prl
2026-01-19 17:04:23,841 - aqt.updater - INFO - updater 17976 Patching C:\Qt\6.9.0\msvc2022_64\lib\Qt6QuickControls2Basicd.prl
2026-01-19 17:04:23,851 - aqt.updater - INFO - updater 17976 Patching C:\Qt\6.9.0\msvc2022_64\lib\Qt6QuickControls2BasicStyleImpl.prl
2026-01-19 17:04:23,862 - aqt.updater - INFO - updater 17976 Patching C:\Qt\6.9.0\msvc2022_64\lib\Qt6QuickControls2BasicStyleImpld.prl
2026-01-19 17:04:23,873 - aqt.updater - INFO - updater 17976 Patching C:\Qt\6.9.0\msvc2022_64\lib\Qt6QuickControls2d.prl
2026-01-19 17:04:23,884 - aqt.updater - INFO - updater 17976 Patching C:\Qt\6.9.0\msvc2022_64\lib\Qt6QuickControls2FluentWinUI3StyleImpl.prl
2026-01-19 17:04:23,895 - aqt.updater - INFO - updater 17976 Patching C:\Qt\6.9.0\msvc2022_64\lib\Qt6QuickControls2FluentWinUI3StyleImpld.prl
2026-01-19 17:04:23,908 - aqt.updater - INFO - updater 17976 Patching C:\Qt\6.9.0\msvc2022_64\lib\Qt6QuickControls2Fusion.prl
2026-01-19 17:04:23,920 - aqt.updater - INFO - updater 17976 Patching C:\Qt\6.9.0\msvc2022_64\lib\Qt6QuickControls2Fusiond.prl
2026-01-19 17:04:23,931 - aqt.updater - INFO - updater 17976 Patching C:\Qt\6.9.0\msvc2022_64\lib\Qt6QuickControls2FusionStyleImpl.prl
2026-01-19 17:04:23,942 - aqt.updater - INFO - updater 17976 Patching C:\Qt\6.9.0\msvc2022_64\lib\Qt6QuickControls2FusionStyleImpld.prl
2026-01-19 17:04:23,955 - aqt.updater - INFO - updater 17976 Patching C:\Qt\6.9.0\msvc2022_64\lib\Qt6QuickControls2Imagine.prl
2026-01-19 17:04:23,965 - aqt.updater - INFO - updater 17976 Patching C:\Qt\6.9.0\msvc2022_64\lib\Qt6QuickControls2Imagined.prl
2026-01-19 17:04:23,975 - aqt.updater - INFO - updater 17976 Patching C:\Qt\6.9.0\msvc2022_64\lib\Qt6QuickControls2ImagineStyleImpl.prl
2026-01-19 17:04:23,986 - aqt.updater - INFO - updater 17976 Patching C:\Qt\6.9.0\msvc2022_64\lib\Qt6QuickControls2ImagineStyleImpld.prl
2026-01-19 17:04:23,996 - aqt.updater - INFO - updater 17976 Patching C:\Qt\6.9.0\msvc2022_64\lib\Qt6QuickControls2Impl.prl
2026-01-19 17:04:24,008 - aqt.updater - INFO - updater 17976 Patching C:\Qt\6.9.0\msvc2022_64\lib\Qt6QuickControls2Impld.prl
2026-01-19 17:04:24,020 - aqt.updater - INFO - updater 17976 Patching C:\Qt\6.9.0\msvc2022_64\lib\Qt6QuickControls2Material.prl
2026-01-19 17:04:24,029 - aqt.updater - INFO - updater 17976 Patching C:\Qt\6.9.0\msvc2022_64\lib\Qt6QuickControls2Materiald.prl
2026-01-19 17:04:24,041 - aqt.updater - INFO - updater 17976 Patching C:\Qt\6.9.0\msvc2022_64\lib\Qt6QuickControls2MaterialStyleImpl.prl
2026-01-19 17:04:24,049 - aqt.updater - INFO - updater 17976 Patching C:\Qt\6.9.0\msvc2022_64\lib\Qt6QuickControls2MaterialStyleImpld.prl
2026-01-19 17:04:24,062 - aqt.updater - INFO - updater 17976 Patching C:\Qt\6.9.0\msvc2022_64\lib\Qt6QuickControls2Universal.prl
2026-01-19 17:04:24,070 - aqt.updater - INFO - updater 17976 Patching C:\Qt\6.9.0\msvc2022_64\lib\Qt6QuickControls2Universald.prl
2026-01-19 17:04:24,083 - aqt.updater - INFO - updater 17976 Patching C:\Qt\6.9.0\msvc2022_64\lib\Qt6QuickControls2UniversalStyleImpl.prl
2026-01-19 17:04:24,093 - aqt.updater - INFO - updater 17976 Patching C:\Qt\6.9.0\msvc2022_64\lib\Qt6QuickControls2UniversalStyleImpld.prl
2026-01-19 17:04:24,103 - aqt.updater - INFO - updater 17976 Patching C:\Qt\6.9.0\msvc2022_64\lib\Qt6QuickControls2WindowsStyleImpl.prl
2026-01-19 17:04:24,115 - aqt.updater - INFO - updater 17976 Patching C:\Qt\6.9.0\msvc2022_64\lib\Qt6QuickControls2WindowsStyleImpld.prl
2026-01-19 17:04:24,126 - aqt.updater - INFO - updater 17976 Patching C:\Qt\6.9.0\msvc2022_64\lib\Qt6QuickControlsTestUtils.prl
2026-01-19 17:04:24,138 - aqt.updater - INFO - updater 17976 Patching C:\Qt\6.9.0\msvc2022_64\lib\Qt6QuickControlsTestUtilsd.prl
2026-01-19 17:04:24,149 - aqt.updater - INFO - updater 17976 Patching C:\Qt\6.9.0\msvc2022_64\lib\Qt6Quickd.prl
2026-01-19 17:04:24,160 - aqt.updater - INFO - updater 17976 Patching C:\Qt\6.9.0\msvc2022_64\lib\Qt6QuickDialogs2.prl
2026-01-19 17:04:24,171 - aqt.updater - INFO - updater 17976 Patching C:\Qt\6.9.0\msvc2022_64\lib\Qt6QuickDialogs2d.prl
2026-01-19 17:04:24,182 - aqt.updater - INFO - updater 17976 Patching C:\Qt\6.9.0\msvc2022_64\lib\Qt6QuickDialogs2QuickImpl.prl
2026-01-19 17:04:24,192 - aqt.updater - INFO - updater 17976 Patching C:\Qt\6.9.0\msvc2022_64\lib\Qt6QuickDialogs2QuickImpld.prl
2026-01-19 17:04:24,201 - aqt.updater - INFO - updater 17976 Patching C:\Qt\6.9.0\msvc2022_64\lib\Qt6QuickDialogs2Utils.prl
2026-01-19 17:04:24,214 - aqt.updater - INFO - updater 17976 Patching C:\Qt\6.9.0\msvc2022_64\lib\Qt6QuickDialogs2Utilsd.prl
2026-01-19 17:04:24,224 - aqt.updater - INFO - updater 17976 Patching C:\Qt\6.9.0\msvc2022_64\lib\Qt6QuickEffects.prl
2026-01-19 17:04:24,237 - aqt.updater - INFO - updater 17976 Patching C:\Qt\6.9.0\msvc2022_64\lib\Qt6QuickEffectsd.prl
2026-01-19 17:04:24,247 - aqt.updater - INFO - updater 17976 Patching C:\Qt\6.9.0\msvc2022_64\lib\Qt6QuickLayouts.prl
2026-01-19 17:04:24,258 - aqt.updater - INFO - updater 17976 Patching C:\Qt\6.9.0\msvc2022_64\lib\Qt6QuickLayoutsd.prl
2026-01-19 17:04:24,268 - aqt.updater - INFO - updater 17976 Patching C:\Qt\6.9.0\msvc2022_64\lib\Qt6QuickParticles.prl
2026-01-19 17:04:24,279 - aqt.updater - INFO - updater 17976 Patching C:\Qt\6.9.0\msvc2022_64\lib\Qt6QuickParticlesd.prl
2026-01-19 17:04:24,288 - aqt.updater - INFO - updater 17976 Patching C:\Qt\6.9.0\msvc2022_64\lib\Qt6QuickShapes.prl
2026-01-19 17:04:24,299 - aqt.updater - INFO - updater 17976 Patching C:\Qt\6.9.0\msvc2022_64\lib\Qt6QuickShapesd.prl
2026-01-19 17:04:24,310 - aqt.updater - INFO - updater 17976 Patching C:\Qt\6.9.0\msvc2022_64\lib\Qt6QuickTemplates2.prl
2026-01-19 17:04:24,320 - aqt.updater - INFO - updater 17976 Patching C:\Qt\6.9.0\msvc2022_64\lib\Qt6QuickTemplates2d.prl
2026-01-19 17:04:24,330 - aqt.updater - INFO - updater 17976 Patching C:\Qt\6.9.0\msvc2022_64\lib\Qt6QuickTest.prl
2026-01-19 17:04:24,341 - aqt.updater - INFO - updater 17976 Patching C:\Qt\6.9.0\msvc2022_64\lib\Qt6QuickTestd.prl
2026-01-19 17:04:24,351 - aqt.updater - INFO - updater 17976 Patching C:\Qt\6.9.0\msvc2022_64\lib\Qt6QuickTestUtils.prl
2026-01-19 17:04:24,362 - aqt.updater - INFO - updater 17976 Patching C:\Qt\6.9.0\msvc2022_64\lib\Qt6QuickTestUtilsd.prl
2026-01-19 17:04:24,375 - aqt.updater - INFO - updater 17976 Patching C:\Qt\6.9.0\msvc2022_64\lib\Qt6QuickVectorImage.prl
2026-01-19 17:04:24,385 - aqt.updater - INFO - updater 17976 Patching C:\Qt\6.9.0\msvc2022_64\lib\Qt6QuickVectorImaged.prl
2026-01-19 17:04:24,395 - aqt.updater - INFO - updater 17976 Patching C:\Qt\6.9.0\msvc2022_64\lib\Qt6QuickVectorImageGenerator.prl
2026-01-19 17:04:24,404 - aqt.updater - INFO - updater 17976 Patching C:\Qt\6.9.0\msvc2022_64\lib\Qt6QuickVectorImageGeneratord.prl
2026-01-19 17:04:24,415 - aqt.updater - INFO - updater 17976 Patching C:\Qt\6.9.0\msvc2022_64\lib\Qt6QuickWidgets.prl
2026-01-19 17:04:24,427 - aqt.updater - INFO - updater 17976 Patching C:\Qt\6.9.0\msvc2022_64\lib\Qt6QuickWidgetsd.prl
2026-01-19 17:04:24,437 - aqt.updater - INFO - updater 17976 Patching C:\Qt\6.9.0\msvc2022_64\lib\Qt6SpatialAudio.prl
2026-01-19 17:04:24,446 - aqt.updater - INFO - updater 17976 Patching C:\Qt\6.9.0\msvc2022_64\lib\Qt6SpatialAudiod.prl
2026-01-19 17:04:24,457 - aqt.updater - INFO - updater 17976 Patching C:\Qt\6.9.0\msvc2022_64\lib\Qt6Sql.prl
2026-01-19 17:04:24,468 - aqt.updater - INFO - updater 17976 Patching C:\Qt\6.9.0\msvc2022_64\lib\Qt6Sqld.prl
2026-01-19 17:04:24,478 - aqt.updater - INFO - updater 17976 Patching C:\Qt\6.9.0\msvc2022_64\lib\Qt6Svg.prl
2026-01-19 17:04:24,491 - aqt.updater - INFO - updater 17976 Patching C:\Qt\6.9.0\msvc2022_64\lib\Qt6Svgd.prl
2026-01-19 17:04:24,500 - aqt.updater - INFO - updater 17976 Patching C:\Qt\6.9.0\msvc2022_64\lib\Qt6SvgWidgets.prl
2026-01-19 17:04:24,512 - aqt.updater - INFO - updater 17976 Patching C:\Qt\6.9.0\msvc2022_64\lib\Qt6SvgWidgetsd.prl
2026-01-19 17:04:24,524 - aqt.updater - INFO - updater 17976 Patching C:\Qt\6.9.0\msvc2022_64\lib\Qt6Test.prl
2026-01-19 17:04:24,536 - aqt.updater - INFO - updater 17976 Patching C:\Qt\6.9.0\msvc2022_64\lib\Qt6Testd.prl
2026-01-19 17:04:24,547 - aqt.updater - INFO - updater 17976 Patching C:\Qt\6.9.0\msvc2022_64\lib\Qt6TextToSpeech.prl
2026-01-19 17:04:24,557 - aqt.updater - INFO - updater 17976 Patching C:\Qt\6.9.0\msvc2022_64\lib\Qt6TextToSpeechd.prl
2026-01-19 17:04:24,568 - aqt.updater - INFO - updater 17976 Patching C:\Qt\6.9.0\msvc2022_64\lib\Qt6UiTools.prl
2026-01-19 17:04:24,579 - aqt.updater - INFO - updater 17976 Patching C:\Qt\6.9.0\msvc2022_64\lib\Qt6UiToolsd.prl
2026-01-19 17:04:24,590 - aqt.updater - INFO - updater 17976 Patching C:\Qt\6.9.0\msvc2022_64\lib\Qt6Widgets.prl
2026-01-19 17:04:24,600 - aqt.updater - INFO - updater 17976 Patching C:\Qt\6.9.0\msvc2022_64\lib\Qt6Widgetsd.prl
2026-01-19 17:04:24,612 - aqt.updater - INFO - updater 17976 Patching C:\Qt\6.9.0\msvc2022_64\lib\Qt6Xml.prl
2026-01-19 17:04:24,624 - aqt.updater - INFO - updater 17976 Patching C:\Qt\6.9.0\msvc2022_64\lib\Qt6Xmld.prl
2026-01-19 17:04:24,636 - aqt.main - INFO - installer 17976 Finished installation
2026-01-19 17:04:24,637 - aqt.main - INFO - installer 17976 Time elapsed: 47.33272570 second
